<?xml version="1.0" encoding="UTF-8"?>
<!-- Generated by org.testng.reporters.JUnitReportReporter -->
<testsuite hostname="DESKTOP-53T7V4N" failures="0" tests="1" name="com.qa.tests.Scenario2" time="37.467" errors="0" timestamp="2022-05-14T19:21:38 IST" skipped="0">
  <testcase classname="com.qa.tests.Scenario2" name="successfulLogin" time="37.467"/>
  <system-out/>
</testsuite> <!-- com.qa.tests.Scenario2 -->
