<?xml version="1.0" encoding="UTF-8"?>
<!-- Generated by org.testng.reporters.JUnitReportReporter -->
<testsuite hostname="DESKTOP-53T7V4N" failures="0" tests="3" name="com.qa.tests.LoginTests" time="15.313" errors="0" timestamp="2022-05-10T22:39:02 IST" skipped="0">
  <testcase classname="com.qa.tests.LoginTests" name="invalidPassword" time="6.312"/>
  <system-out/>
  <testcase classname="com.qa.tests.LoginTests" name="successfulLogin" time="4.710"/>
  <system-out/>
  <testcase classname="com.qa.tests.LoginTests" name="invalidUserName" time="4.291"/>
  <system-out/>
</testsuite> <!-- com.qa.tests.LoginTests -->
